<?xml version="1.0" encoding="UTF-8"?>
<robot generator="Robot 7.1.1 (Python 3.11.9 on win32)" generated="2025-01-08T14:55:24.882110" rpa="false" schemaversion="5">
<suite id="s1" name="AjoutPanierPage" source="c:\Users\BELHOCINE\Desktop\sauce_demo_robotFramework\sauce_demo_RobotFramework\pages\AjoutPanierPage.robot">
<test id="s1-t1" name="Login avec username et password correctes" line="9">
<kw name="Click Button" owner="SeleniumLibrary">
<msg time="2025-01-08T14:55:25.158257" level="INFO">Clicking button 'id:add-to-cart-sauce-labs-backpack'.</msg>
<msg time="2025-01-08T14:55:25.171195" level="INFO">Cannot capture screenshot because no browser is open.</msg>
<msg time="2025-01-08T14:55:25.171702" level="FAIL">No browser is open.</msg>
<arg>${boutonAjout}</arg>
<doc>Clicks the button identified by ``locator``.</doc>
<status status="FAIL" start="2025-01-08T14:55:25.157257" elapsed="0.018332">No browser is open.</status>
</kw>
<kw name="Click Button" owner="SeleniumLibrary">
<arg>${boutonPanier}</arg>
<doc>Clicks the button identified by ``locator``.</doc>
<status status="NOT RUN" start="2025-01-08T14:55:25.190346" elapsed="0.001014"/>
</kw>
<kw name="Page Should Contain" owner="SeleniumLibrary">
<arg>${url}</arg>
<arg>/cart.html</arg>
<doc>Verifies that current page contains ``text``.</doc>
<status status="NOT RUN" start="2025-01-08T14:55:25.191360" elapsed="0.000000"/>
</kw>
<doc>Login avec un username et un password corrects</doc>
<status status="FAIL" start="2025-01-08T14:55:25.155250" elapsed="0.039875">No browser is open.</status>
</test>
<status status="FAIL" start="2025-01-08T14:55:24.887365" elapsed="0.311169"/>
</suite>
<statistics>
<total>
<stat pass="0" fail="1" skip="0">All Tests</stat>
</total>
<tag>
</tag>
<suite>
<stat pass="0" fail="1" skip="0" id="s1" name="AjoutPanierPage">AjoutPanierPage</stat>
</suite>
</statistics>
<errors>
</errors>
</robot>
