<?xml version="1.0" encoding="UTF-8"?>
<robot generator="Robot 7.1.1 (Python 3.11.9 on win32)" generated="2025-01-08T15:17:30.844467" rpa="false" schemaversion="5">
<suite id="s1" name="LoginPageTest" source="c:\Users\blond\OneDrive\Desktop\sauce_demo_RobotFramework\pages\LoginPageTest.Robot">
<test id="s1-t1" name="Login avec correct username et correct password" line="10">
<kw name="Open Browser To Login Page" owner="LoginPage">
<kw name="Open Browser" owner="SeleniumLibrary">
<msg time="2025-01-08T15:17:31.057370" level="INFO">Opening browser 'Chrome' to base url 'https://www.saucedemo.com/'.</msg>
<arg>${url}</arg>
<arg>Chrome</arg>
<doc>Opens a new browser instance to the optional ``url``.</doc>
<status status="PASS" start="2025-01-08T15:17:31.057370" elapsed="2.266191"/>
</kw>
<kw name="Maximize Browser Window" owner="SeleniumLibrary">
<doc>Maximizes current browser window.</doc>
<status status="PASS" start="2025-01-08T15:17:33.323561" elapsed="0.038754"/>
</kw>
<status status="PASS" start="2025-01-08T15:17:31.055865" elapsed="2.307449"/>
</kw>
<kw name="Set Browser Implicit Wait" owner="SeleniumLibrary">
<arg>5</arg>
<doc>Sets the implicit wait value used by Selenium.</doc>
<status status="PASS" start="2025-01-08T15:17:33.364828" elapsed="0.002010"/>
</kw>
<kw name="Enter Username" owner="LoginPage">
<kw name="Input Text" owner="SeleniumLibrary">
<msg time="2025-01-08T15:17:33.369231" level="INFO">Typing text 'standard_user' into text field 'id:user-name'.</msg>
<arg>${usernameA}</arg>
<arg>${username}</arg>
<doc>Types the given ``text`` into the text field identified by ``locator``.</doc>
<status status="PASS" start="2025-01-08T15:17:33.369231" elapsed="0.212015"/>
</kw>
<arg>${correctUserName}</arg>
<status status="PASS" start="2025-01-08T15:17:33.368213" elapsed="0.213033"/>
</kw>
<kw name="Enter Password" owner="LoginPage">
<kw name="Input Text" owner="SeleniumLibrary">
<msg time="2025-01-08T15:17:33.583245" level="INFO">Typing text 'secret_sauce' into text field 'id:password'.</msg>
<arg>${passwordA}</arg>
<arg>${password}</arg>
<doc>Types the given ``text`` into the text field identified by ``locator``.</doc>
<status status="PASS" start="2025-01-08T15:17:33.583245" elapsed="0.143790"/>
</kw>
<arg>${correctPassword}</arg>
<status status="PASS" start="2025-01-08T15:17:33.582246" elapsed="0.144789"/>
</kw>
<kw name="Submit Login Form" owner="LoginPage">
<kw name="Click Button" owner="SeleniumLibrary">
<msg time="2025-01-08T15:17:33.730048" level="INFO">Clicking button 'id:login-button'.</msg>
<arg>${loginBtn}</arg>
<doc>Clicks the button identified by ``locator``.</doc>
<status status="PASS" start="2025-01-08T15:17:33.729054" elapsed="0.208798"/>
</kw>
<status status="PASS" start="2025-01-08T15:17:33.728049" elapsed="0.210806"/>
</kw>
<status status="PASS" start="2025-01-08T15:17:31.055865" elapsed="2.882990"/>
</test>
<doc>Test de la fonctionnalité Login avec username et password</doc>
<status status="PASS" start="2025-01-08T15:17:30.847984" elapsed="3.091876"/>
</suite>
<statistics>
<total>
<stat pass="1" fail="0" skip="0">All Tests</stat>
</total>
<tag>
</tag>
<suite>
<stat pass="1" fail="0" skip="0" id="s1" name="LoginPageTest">LoginPageTest</stat>
</suite>
</statistics>
<errors>
</errors>
</robot>
